Analysis & Synthesis report for final
Wed Sep 29 14:06:41 2021
Quartus Prime Version 20.1.1 Build 720 11/11/2020 SJ Lite Edition


---------------------
; Table of Contents ;
---------------------
  1. Legal Notice
  2. Analysis & Synthesis Summary
  3. Analysis & Synthesis Settings
  4. Parallel Compilation
  5. Analysis & Synthesis Source Files Read
  6. Analysis & Synthesis Resource Usage Summary
  7. Analysis & Synthesis Resource Utilization by Entity
  8. Analysis & Synthesis IP Cores Summary
  9. State Machine - |final_module|adc_demo_mega:angle_moisture|adc_control:ADC|adc_control_adc_mega_0:adc_mega_0|altera_up_avalon_adv_adc:ADC_CTRL|currState
 10. Registers Removed During Synthesis
 11. Removed Registers Triggering Further Register Optimizations
 12. General Register Statistics
 13. Multiplexer Restructuring Statistics (Restructuring Performed)
 14. Parameter Settings for User Entity Instance: adc_demo_mega:angle_moisture|adc_control:ADC|adc_control_adc_mega_0:adc_mega_0
 15. Parameter Settings for User Entity Instance: adc_demo_mega:angle_moisture|adc_control:ADC|adc_control_adc_mega_0:adc_mega_0|altera_up_avalon_adv_adc:ADC_CTRL
 16. Port Connectivity Checks: "adc_demo_mega:angle_moisture|adc_control:ADC"
 17. Post-Synthesis Netlist Statistics for Top Partition
 18. Elapsed Time Per Partition
 19. Analysis & Synthesis Messages



----------------
; Legal Notice ;
----------------
Copyright (C) 2020  Intel Corporation. All rights reserved.
Your use of Intel Corporation's design tools, logic functions 
and other software and tools, and any partner logic 
functions, and any output files from any of the foregoing 
(including device programming or simulation files), and any 
associated documentation or information are expressly subject 
to the terms and conditions of the Intel Program License 
Subscription Agreement, the Intel Quartus Prime License Agreement,
the Intel FPGA IP License Agreement, or other applicable license
agreement, including, without limitation, that your use is for
the sole purpose of programming logic devices manufactured by
Intel and sold by Intel or its authorized distributors.  Please
refer to the applicable agreement for further details, at
https://fpgasoftware.intel.com/eula.



+-------------------------------------------------------------------------------+
; Analysis & Synthesis Summary                                                  ;
+---------------------------------+---------------------------------------------+
; Analysis & Synthesis Status     ; Successful - Wed Sep 29 14:06:41 2021       ;
; Quartus Prime Version           ; 20.1.1 Build 720 11/11/2020 SJ Lite Edition ;
; Revision Name                   ; final                                       ;
; Top-level Entity Name           ; final_module                                ;
; Family                          ; Cyclone V                                   ;
; Logic utilization (in ALMs)     ; N/A                                         ;
; Total registers                 ; 119                                         ;
; Total pins                      ; 23                                          ;
; Total virtual pins              ; 0                                           ;
; Total block memory bits         ; 0                                           ;
; Total DSP Blocks                ; 0                                           ;
; Total HSSI RX PCSs              ; 0                                           ;
; Total HSSI PMA RX Deserializers ; 0                                           ;
; Total HSSI TX PCSs              ; 0                                           ;
; Total HSSI PMA TX Serializers   ; 0                                           ;
; Total PLLs                      ; 0                                           ;
; Total DLLs                      ; 0                                           ;
+---------------------------------+---------------------------------------------+


+---------------------------------------------------------------------------------------------------------------------------+
; Analysis & Synthesis Settings                                                                                             ;
+---------------------------------------------------------------------------------+--------------------+--------------------+
; Option                                                                          ; Setting            ; Default Value      ;
+---------------------------------------------------------------------------------+--------------------+--------------------+
; Device                                                                          ; 5CSEBA6U23I7       ;                    ;
; Top-level entity name                                                           ; final_module       ; final              ;
; Family name                                                                     ; Cyclone V          ; Cyclone V          ;
; Use smart compilation                                                           ; Off                ; Off                ;
; Enable parallel Assembler and Timing Analyzer during compilation                ; On                 ; On                 ;
; Enable compact report table                                                     ; Off                ; Off                ;
; Restructure Multiplexers                                                        ; Auto               ; Auto               ;
; MLAB Add Timing Constraints For Mixed-Port Feed-Through Mode Setting Don't Care ; Off                ; Off                ;
; Create Debugging Nodes for IP Cores                                             ; Off                ; Off                ;
; Preserve fewer node names                                                       ; On                 ; On                 ;
; Intel FPGA IP Evaluation Mode                                                   ; Enable             ; Enable             ;
; Verilog Version                                                                 ; Verilog_2001       ; Verilog_2001       ;
; VHDL Version                                                                    ; VHDL_1993          ; VHDL_1993          ;
; State Machine Processing                                                        ; Auto               ; Auto               ;
; Safe State Machine                                                              ; Off                ; Off                ;
; Extract Verilog State Machines                                                  ; On                 ; On                 ;
; Extract VHDL State Machines                                                     ; On                 ; On                 ;
; Ignore Verilog initial constructs                                               ; Off                ; Off                ;
; Iteration limit for constant Verilog loops                                      ; 5000               ; 5000               ;
; Iteration limit for non-constant Verilog loops                                  ; 250                ; 250                ;
; Add Pass-Through Logic to Inferred RAMs                                         ; On                 ; On                 ;
; Infer RAMs from Raw Logic                                                       ; On                 ; On                 ;
; Parallel Synthesis                                                              ; On                 ; On                 ;
; DSP Block Balancing                                                             ; Auto               ; Auto               ;
; NOT Gate Push-Back                                                              ; On                 ; On                 ;
; Power-Up Don't Care                                                             ; On                 ; On                 ;
; Remove Redundant Logic Cells                                                    ; Off                ; Off                ;
; Remove Duplicate Registers                                                      ; On                 ; On                 ;
; Ignore CARRY Buffers                                                            ; Off                ; Off                ;
; Ignore CASCADE Buffers                                                          ; Off                ; Off                ;
; Ignore GLOBAL Buffers                                                           ; Off                ; Off                ;
; Ignore ROW GLOBAL Buffers                                                       ; Off                ; Off                ;
; Ignore LCELL Buffers                                                            ; Off                ; Off                ;
; Ignore SOFT Buffers                                                             ; On                 ; On                 ;
; Limit AHDL Integers to 32 Bits                                                  ; Off                ; Off                ;
; Optimization Technique                                                          ; Balanced           ; Balanced           ;
; Carry Chain Length                                                              ; 70                 ; 70                 ;
; Auto Carry Chains                                                               ; On                 ; On                 ;
; Auto Open-Drain Pins                                                            ; On                 ; On                 ;
; Perform WYSIWYG Primitive Resynthesis                                           ; Off                ; Off                ;
; Auto ROM Replacement                                                            ; On                 ; On                 ;
; Auto RAM Replacement                                                            ; On                 ; On                 ;
; Auto DSP Block Replacement                                                      ; On                 ; On                 ;
; Auto Shift Register Replacement                                                 ; Auto               ; Auto               ;
; Allow Shift Register Merging across Hierarchies                                 ; Auto               ; Auto               ;
; Auto Clock Enable Replacement                                                   ; On                 ; On                 ;
; Strict RAM Replacement                                                          ; Off                ; Off                ;
; Allow Synchronous Control Signals                                               ; On                 ; On                 ;
; Force Use of Synchronous Clear Signals                                          ; Off                ; Off                ;
; Auto Resource Sharing                                                           ; Off                ; Off                ;
; Allow Any RAM Size For Recognition                                              ; Off                ; Off                ;
; Allow Any ROM Size For Recognition                                              ; Off                ; Off                ;
; Allow Any Shift Register Size For Recognition                                   ; Off                ; Off                ;
; Use LogicLock Constraints during Resource Balancing                             ; On                 ; On                 ;
; Ignore translate_off and synthesis_off directives                               ; Off                ; Off                ;
; Timing-Driven Synthesis                                                         ; On                 ; On                 ;
; Report Parameter Settings                                                       ; On                 ; On                 ;
; Report Source Assignments                                                       ; On                 ; On                 ;
; Report Connectivity Checks                                                      ; On                 ; On                 ;
; Ignore Maximum Fan-Out Assignments                                              ; Off                ; Off                ;
; Synchronization Register Chain Length                                           ; 3                  ; 3                  ;
; Power Optimization During Synthesis                                             ; Normal compilation ; Normal compilation ;
; HDL message level                                                               ; Level2             ; Level2             ;
; Suppress Register Optimization Related Messages                                 ; Off                ; Off                ;
; Number of Removed Registers Reported in Synthesis Report                        ; 5000               ; 5000               ;
; Number of Swept Nodes Reported in Synthesis Report                              ; 5000               ; 5000               ;
; Number of Inverted Registers Reported in Synthesis Report                       ; 100                ; 100                ;
; Clock MUX Protection                                                            ; On                 ; On                 ;
; Auto Gated Clock Conversion                                                     ; Off                ; Off                ;
; Block Design Naming                                                             ; Auto               ; Auto               ;
; SDC constraint protection                                                       ; Off                ; Off                ;
; Synthesis Effort                                                                ; Auto               ; Auto               ;
; Shift Register Replacement - Allow Asynchronous Clear Signal                    ; On                 ; On                 ;
; Pre-Mapping Resynthesis Optimization                                            ; Off                ; Off                ;
; Analysis & Synthesis Message Level                                              ; Medium             ; Medium             ;
; Disable Register Merging Across Hierarchies                                     ; Auto               ; Auto               ;
; Resource Aware Inference For Block RAM                                          ; On                 ; On                 ;
; Automatic Parallel Synthesis                                                    ; On                 ; On                 ;
; Partial Reconfiguration Bitstream ID                                            ; Off                ; Off                ;
+---------------------------------------------------------------------------------+--------------------+--------------------+


+------------------------------------------+
; Parallel Compilation                     ;
+----------------------------+-------------+
; Processors                 ; Number      ;
+----------------------------+-------------+
; Number detected on machine ; 16          ;
; Maximum allowed            ; 8           ;
;                            ;             ;
; Average used               ; 1.00        ;
; Maximum used               ; 8           ;
;                            ;             ;
; Usage by Processor         ; % Time Used ;
;     Processor 1            ; 100.0%      ;
;     Processors 2-8         ;   0.0%      ;
+----------------------------+-------------+


+---------------------------------------------------------------------------------------------------------------------------------------------------------------------------------------------------------------------------------------------------------------------------------------------------+
; Analysis & Synthesis Source Files Read                                                                                                                                                                                                                                                            ;
+-------------------------------------------------------------+-----------------+------------------------+----------------------------------------------------------------------------------------------------------------------------------------------------------------------------+-------------+
; File Name with User-Entered Path                            ; Used in Netlist ; File Type              ; File Name with Absolute Path                                                                                                                                               ; Library     ;
+-------------------------------------------------------------+-----------------+------------------------+----------------------------------------------------------------------------------------------------------------------------------------------------------------------------+-------------+
; adc_control/synthesis/adc_control.v                         ; yes             ; User Verilog HDL File  ; C:/Users/zacbr/OneDrive/Documents/University/Y3/T2/Advanced Embedded Systems/SIT329-Project/Module Three/Final/adc_control/synthesis/adc_control.v                         ; adc_control ;
; adc_control/synthesis/submodules/altera_up_avalon_adv_adc.v ; yes             ; User Verilog HDL File  ; C:/Users/zacbr/OneDrive/Documents/University/Y3/T2/Advanced Embedded Systems/SIT329-Project/Module Three/Final/adc_control/synthesis/submodules/altera_up_avalon_adv_adc.v ; adc_control ;
; adc_control/synthesis/submodules/adc_control_adc_mega_0.v   ; yes             ; User Verilog HDL File  ; C:/Users/zacbr/OneDrive/Documents/University/Y3/T2/Advanced Embedded Systems/SIT329-Project/Module Three/Final/adc_control/synthesis/submodules/adc_control_adc_mega_0.v   ; adc_control ;
; multiple_buttons.v                                          ; yes             ; User Verilog HDL File  ; C:/Users/zacbr/OneDrive/Documents/University/Y3/T2/Advanced Embedded Systems/SIT329-Project/Module Three/Final/multiple_buttons.v                                          ;             ;
; ledPWM.v                                                    ; yes             ; User Verilog HDL File  ; C:/Users/zacbr/OneDrive/Documents/University/Y3/T2/Advanced Embedded Systems/SIT329-Project/Module Three/Final/ledPWM.v                                                    ;             ;
; adc_demo_mega.v                                             ; yes             ; User Verilog HDL File  ; C:/Users/zacbr/OneDrive/Documents/University/Y3/T2/Advanced Embedded Systems/SIT329-Project/Module Three/Final/adc_demo_mega.v                                             ;             ;
; final.v                                                     ; yes             ; User Verilog HDL File  ; C:/Users/zacbr/OneDrive/Documents/University/Y3/T2/Advanced Embedded Systems/SIT329-Project/Module Three/Final/final.v                                                     ;             ;
+-------------------------------------------------------------+-----------------+------------------------+----------------------------------------------------------------------------------------------------------------------------------------------------------------------------+-------------+


+--------------------------------------------------------------+
; Analysis & Synthesis Resource Usage Summary                  ;
+---------------------------------------------+----------------+
; Resource                                    ; Usage          ;
+---------------------------------------------+----------------+
; Estimate of Logic utilization (ALMs needed) ; 77             ;
;                                             ;                ;
; Combinational ALUT usage for logic          ; 121            ;
;     -- 7 input functions                    ; 3              ;
;     -- 6 input functions                    ; 21             ;
;     -- 5 input functions                    ; 16             ;
;     -- 4 input functions                    ; 5              ;
;     -- <=3 input functions                  ; 76             ;
;                                             ;                ;
; Dedicated logic registers                   ; 119            ;
;                                             ;                ;
; I/O pins                                    ; 23             ;
;                                             ;                ;
; Total DSP Blocks                            ; 0              ;
;                                             ;                ;
; Maximum fan-out node                        ; CLOCK_50~input ;
; Maximum fan-out                             ; 119            ;
; Total fan-out                               ; 828            ;
; Average fan-out                             ; 2.90           ;
+---------------------------------------------+----------------+


+-------------------------------------------------------------------------------------------------------------------------------------------------------------------------------------------------------------------------------------------------------------------------------------------------------------------------------------+
; Analysis & Synthesis Resource Utilization by Entity                                                                                                                                                                                                                                                                                 ;
+-------------------------------------------------+---------------------+---------------------------+-------------------+------------+------+--------------+--------------------------------------------------------------------------------------------------------------------------------+--------------------------+--------------+
; Compilation Hierarchy Node                      ; Combinational ALUTs ; Dedicated Logic Registers ; Block Memory Bits ; DSP Blocks ; Pins ; Virtual Pins ; Full Hierarchy Name                                                                                                            ; Entity Name              ; Library Name ;
+-------------------------------------------------+---------------------+---------------------------+-------------------+------------+------+--------------+--------------------------------------------------------------------------------------------------------------------------------+--------------------------+--------------+
; |final_module                                   ; 121 (12)            ; 119 (11)                  ; 0                 ; 0          ; 23   ; 0            ; |final_module                                                                                                                  ; final_module             ; work         ;
;    |adc_demo_mega:angle_moisture|               ; 109 (28)            ; 108 (15)                  ; 0                 ; 0          ; 0    ; 0            ; |final_module|adc_demo_mega:angle_moisture                                                                                     ; adc_demo_mega            ; work         ;
;       |adc_control:ADC|                         ; 67 (0)              ; 85 (0)                    ; 0                 ; 0          ; 0    ; 0            ; |final_module|adc_demo_mega:angle_moisture|adc_control:ADC                                                                     ; adc_control              ; adc_control  ;
;          |adc_control_adc_mega_0:adc_mega_0|    ; 67 (1)              ; 85 (16)                   ; 0                 ; 0          ; 0    ; 0            ; |final_module|adc_demo_mega:angle_moisture|adc_control:ADC|adc_control_adc_mega_0:adc_mega_0                                   ; adc_control_adc_mega_0   ; adc_control  ;
;             |altera_up_avalon_adv_adc:ADC_CTRL| ; 66 (66)             ; 69 (69)                   ; 0                 ; 0          ; 0    ; 0            ; |final_module|adc_demo_mega:angle_moisture|adc_control:ADC|adc_control_adc_mega_0:adc_mega_0|altera_up_avalon_adv_adc:ADC_CTRL ; altera_up_avalon_adv_adc ; adc_control  ;
;       |ledPWM:PWMLED|                           ; 14 (14)             ; 8 (8)                     ; 0                 ; 0          ; 0    ; 0            ; |final_module|adc_demo_mega:angle_moisture|ledPWM:PWMLED                                                                       ; ledPWM                   ; work         ;
+-------------------------------------------------+---------------------+---------------------------+-------------------+------------+------+--------------+--------------------------------------------------------------------------------------------------------------------------------+--------------------------+--------------+
Note: For table entries with two numbers listed, the numbers in parentheses indicate the number of resources of the given type used by the specific entity alone. The numbers listed outside of parentheses indicate the total resources of the given type used by the specific entity and all of its sub-entities in the hierarchy.


+-----------------------------------------------------------------------------------------------------------------------------------------------+
; Analysis & Synthesis IP Cores Summary                                                                                                         ;
+--------+--------------+---------+--------------+--------------+------------------------------------------------------------+------------------+
; Vendor ; IP Core Name ; Version ; Release Date ; License Type ; Entity Instance                                            ; IP Include File  ;
+--------+--------------+---------+--------------+--------------+------------------------------------------------------------+------------------+
; N/A    ; Qsys         ; 20.1    ; N/A          ; N/A          ; |final_module|adc_demo_mega:angle_moisture|adc_control:ADC ; adc_control.qsys ;
+--------+--------------+---------+--------------+--------------+------------------------------------------------------------+------------------+


Encoding Type:  One-Hot
+---------------------------------------------------------------------------------------------------------------------------------------------------------------------------------------------------------------+
; State Machine - |final_module|adc_demo_mega:angle_moisture|adc_control:ADC|adc_control_adc_mega_0:adc_mega_0|altera_up_avalon_adv_adc:ADC_CTRL|currState                                                      ;
+--------------------------------+--------------------------------+----------------------------+----------------------+---------------------+----------------------+---------------------+----------------------+
; Name                           ; currState.pauseStateNoAddrIncr ; currState.initCtrlRegState ; currState.pauseState ; currState.doneState ; currState.transState ; currState.waitState ; currState.resetState ;
+--------------------------------+--------------------------------+----------------------------+----------------------+---------------------+----------------------+---------------------+----------------------+
; currState.resetState           ; 0                              ; 0                          ; 0                    ; 0                   ; 0                    ; 0                   ; 0                    ;
; currState.waitState            ; 0                              ; 0                          ; 0                    ; 0                   ; 0                    ; 1                   ; 1                    ;
; currState.transState           ; 0                              ; 0                          ; 0                    ; 0                   ; 1                    ; 0                   ; 1                    ;
; currState.doneState            ; 0                              ; 0                          ; 0                    ; 1                   ; 0                    ; 0                   ; 1                    ;
; currState.pauseState           ; 0                              ; 0                          ; 1                    ; 0                   ; 0                    ; 0                   ; 1                    ;
; currState.initCtrlRegState     ; 0                              ; 1                          ; 0                    ; 0                   ; 0                    ; 0                   ; 1                    ;
; currState.pauseStateNoAddrIncr ; 1                              ; 0                          ; 0                    ; 0                   ; 0                    ; 0                   ; 1                    ;
+--------------------------------+--------------------------------+----------------------------+----------------------+---------------------+----------------------+---------------------+----------------------+


+-------------------------------------------------------------------------------------------------------------------------------------------------------------------------------+
; Registers Removed During Synthesis                                                                                                                                            ;
+--------------------------------------------------------------------------------------------------------------------------------------+----------------------------------------+
; Register name                                                                                                                        ; Reason for Removal                     ;
+--------------------------------------------------------------------------------------------------------------------------------------+----------------------------------------+
; final_buzzer                                                                                                                         ; Stuck at GND due to stuck port data_in ;
; adc_demo_mega:angle_moisture|adc_control:ADC|adc_control_adc_mega_0:adc_mega_0|altera_up_avalon_adv_adc:ADC_CTRL|din_shift_reg[0..6] ; Stuck at GND due to stuck port data_in ;
; adc_demo_mega:angle_moisture|adc_control:ADC|adc_control_adc_mega_0:adc_mega_0|altera_up_avalon_adv_adc:ADC_CTRL|currState~2         ; Lost fanout                            ;
; adc_demo_mega:angle_moisture|adc_control:ADC|adc_control_adc_mega_0:adc_mega_0|altera_up_avalon_adv_adc:ADC_CTRL|currState~3         ; Lost fanout                            ;
; adc_demo_mega:angle_moisture|adc_control:ADC|adc_control_adc_mega_0:adc_mega_0|altera_up_avalon_adv_adc:ADC_CTRL|currState~4         ; Lost fanout                            ;
; adc_demo_mega:angle_moisture|adc_control:ADC|adc_control_adc_mega_0:adc_mega_0|altera_up_avalon_adv_adc:ADC_CTRL|currState.waitState ; Stuck at GND due to stuck port data_in ;
; Total Number of Removed Registers = 12                                                                                               ;                                        ;
+--------------------------------------------------------------------------------------------------------------------------------------+----------------------------------------+


+----------------------------------------------------------------------------------------------------------------------------------------------------------------------------------------------------------------------------------------------------------------------------------------------------+
; Removed Registers Triggering Further Register Optimizations                                                                                                                                                                                                                                        ;
+-----------------------------------------------------------------------------------------------------------------------------------+---------------------------+------------------------------------------------------------------------------------------------------------------------------------+
; Register name                                                                                                                     ; Reason for Removal        ; Registers Removed due to This Register                                                                                             ;
+-----------------------------------------------------------------------------------------------------------------------------------+---------------------------+------------------------------------------------------------------------------------------------------------------------------------+
; adc_demo_mega:angle_moisture|adc_control:ADC|adc_control_adc_mega_0:adc_mega_0|altera_up_avalon_adv_adc:ADC_CTRL|din_shift_reg[0] ; Stuck at GND              ; adc_demo_mega:angle_moisture|adc_control:ADC|adc_control_adc_mega_0:adc_mega_0|altera_up_avalon_adv_adc:ADC_CTRL|din_shift_reg[1], ;
;                                                                                                                                   ; due to stuck port data_in ; adc_demo_mega:angle_moisture|adc_control:ADC|adc_control_adc_mega_0:adc_mega_0|altera_up_avalon_adv_adc:ADC_CTRL|din_shift_reg[2], ;
;                                                                                                                                   ;                           ; adc_demo_mega:angle_moisture|adc_control:ADC|adc_control_adc_mega_0:adc_mega_0|altera_up_avalon_adv_adc:ADC_CTRL|din_shift_reg[3], ;
;                                                                                                                                   ;                           ; adc_demo_mega:angle_moisture|adc_control:ADC|adc_control_adc_mega_0:adc_mega_0|altera_up_avalon_adv_adc:ADC_CTRL|din_shift_reg[4], ;
;                                                                                                                                   ;                           ; adc_demo_mega:angle_moisture|adc_control:ADC|adc_control_adc_mega_0:adc_mega_0|altera_up_avalon_adv_adc:ADC_CTRL|din_shift_reg[5], ;
;                                                                                                                                   ;                           ; adc_demo_mega:angle_moisture|adc_control:ADC|adc_control_adc_mega_0:adc_mega_0|altera_up_avalon_adv_adc:ADC_CTRL|din_shift_reg[6]  ;
+-----------------------------------------------------------------------------------------------------------------------------------+---------------------------+------------------------------------------------------------------------------------------------------------------------------------+


+------------------------------------------------------+
; General Register Statistics                          ;
+----------------------------------------------+-------+
; Statistic                                    ; Value ;
+----------------------------------------------+-------+
; Total registers                              ; 119   ;
; Number of registers using Synchronous Clear  ; 15    ;
; Number of registers using Synchronous Load   ; 28    ;
; Number of registers using Asynchronous Clear ; 0     ;
; Number of registers using Asynchronous Load  ; 0     ;
; Number of registers using Clock Enable       ; 76    ;
; Number of registers using Preset             ; 0     ;
+----------------------------------------------+-------+


+---------------------------------------------------------------------------------------------------------------------------------------------------------------------------------------------------------------------------------------------------------------+
; Multiplexer Restructuring Statistics (Restructuring Performed)                                                                                                                                                                                                ;
+--------------------+-----------+---------------+----------------------+------------------------+------------+-------------------------------------------------------------------------------------------------------------------------------------------------+
; Multiplexer Inputs ; Bus Width ; Baseline Area ; Area if Restructured ; Saving if Restructured ; Registered ; Example Multiplexer Output                                                                                                                      ;
+--------------------+-----------+---------------+----------------------+------------------------+------------+-------------------------------------------------------------------------------------------------------------------------------------------------+
; 3:1                ; 7 bits    ; 14 LEs        ; 14 LEs               ; 0 LEs                  ; Yes        ; |final_module|adc_demo_mega:angle_moisture|adc_control:ADC|adc_control_adc_mega_0:adc_mega_0|altera_up_avalon_adv_adc:ADC_CTRL|counter[7]       ;
; 3:1                ; 6 bits    ; 12 LEs        ; 6 LEs                ; 6 LEs                  ; Yes        ; |final_module|final_LEDs[5]                                                                                                                     ;
; 3:1                ; 4 bits    ; 8 LEs         ; 4 LEs                ; 4 LEs                  ; Yes        ; |final_module|adc_demo_mega:angle_moisture|adc_control:ADC|adc_control_adc_mega_0:adc_mega_0|altera_up_avalon_adv_adc:ADC_CTRL|sclk_counter[3]  ;
; 3:1                ; 3 bits    ; 6 LEs         ; 3 LEs                ; 3 LEs                  ; Yes        ; |final_module|adc_demo_mega:angle_moisture|adc_control:ADC|adc_control_adc_mega_0:adc_mega_0|altera_up_avalon_adv_adc:ADC_CTRL|address[2]       ;
; 4:1                ; 2 bits    ; 4 LEs         ; 4 LEs                ; 0 LEs                  ; Yes        ; |final_module|adc_demo_mega:angle_moisture|adc_control:ADC|adc_control_adc_mega_0:adc_mega_0|altera_up_avalon_adv_adc:ADC_CTRL|din_shift_reg[9] ;
; 4:1                ; 2 bits    ; 4 LEs         ; 4 LEs                ; 0 LEs                  ; Yes        ; |final_module|adc_switch[1]                                                                                                                     ;
; 4:1                ; 7 bits    ; 14 LEs        ; 14 LEs               ; 0 LEs                  ; Yes        ; |final_module|adc_demo_mega:angle_moisture|placeholder[1]                                                                                       ;
; 4:1                ; 7 bits    ; 14 LEs        ; 14 LEs               ; 0 LEs                  ; Yes        ; |final_module|adc_demo_mega:angle_moisture|pwm_led[6]                                                                                           ;
; 3:1                ; 7 bits    ; 14 LEs        ; 14 LEs               ; 0 LEs                  ; No         ; |final_module|adc_demo_mega:angle_moisture|placeholder                                                                                          ;
+--------------------+-----------+---------------+----------------------+------------------------+------------+-------------------------------------------------------------------------------------------------------------------------------------------------+


+-----------------------------------------------------------------------------------------------------------------------------+
; Parameter Settings for User Entity Instance: adc_demo_mega:angle_moisture|adc_control:ADC|adc_control_adc_mega_0:adc_mega_0 ;
+----------------+---------------+--------------------------------------------------------------------------------------------+
; Parameter Name ; Value         ; Type                                                                                       ;
+----------------+---------------+--------------------------------------------------------------------------------------------+
; tsclk          ; 3             ; Signed Integer                                                                             ;
; numch          ; 1             ; Signed Integer                                                                             ;
; board          ; DE10-Standard ; String                                                                                     ;
; board_rev      ; Autodetect    ; String                                                                                     ;
; max10pllmultby ; 1             ; Signed Integer                                                                             ;
; max10plldivby  ; 1             ; Signed Integer                                                                             ;
+----------------+---------------+--------------------------------------------------------------------------------------------+
Note: In order to hide this table in the UI and the text report file, please set the "Show Parameter Settings in Synthesis Report" option in "Analysis and Synthesis Settings -> More Settings" to "Off".


+---------------------------------------------------------------------------------------------------------------------------------------------------------------+
; Parameter Settings for User Entity Instance: adc_demo_mega:angle_moisture|adc_control:ADC|adc_control_adc_mega_0:adc_mega_0|altera_up_avalon_adv_adc:ADC_CTRL ;
+-----------------------+---------------+-----------------------------------------------------------------------------------------------------------------------+
; Parameter Name        ; Value         ; Type                                                                                                                  ;
+-----------------------+---------------+-----------------------------------------------------------------------------------------------------------------------+
; T_SCLK                ; 3             ; Signed Integer                                                                                                        ;
; NUM_CH                ; 1             ; Signed Integer                                                                                                        ;
; BOARD                 ; DE10-Standard ; String                                                                                                                ;
; BOARD_REV             ; Autodetect    ; String                                                                                                                ;
; MAX10_PLL_MULTIPLY_BY ; 1             ; Signed Integer                                                                                                        ;
; MAX10_PLL_DIVIDE_BY   ; 10            ; Signed Integer                                                                                                        ;
+-----------------------+---------------+-----------------------------------------------------------------------------------------------------------------------+
Note: In order to hide this table in the UI and the text report file, please set the "Show Parameter Settings in Synthesis Report" option in "Analysis and Synthesis Settings -> More Settings" to "Off".


+------------------------------------------------------------------------------------------------------------------------------------------------------------------------------+
; Port Connectivity Checks: "adc_demo_mega:angle_moisture|adc_control:ADC"                                                                                                     ;
+-----------+--------+----------+----------------------------------------------------------------------------------------------------------------------------------------------+
; Port      ; Type   ; Severity ; Details                                                                                                                                      ;
+-----------+--------+----------+----------------------------------------------------------------------------------------------------------------------------------------------+
; CH0[4..0] ; Output ; Info     ; Connected to dangling logic. Logic that only feeds a dangling port will be removed.                                                          ;
; CH1[3..0] ; Output ; Info     ; Connected to dangling logic. Logic that only feeds a dangling port will be removed.                                                          ;
; CH2       ; Output ; Warning  ; Declared by entity but not connected by instance. Logic that only feeds a dangling port will be removed.                                     ;
; CH3       ; Output ; Warning  ; Declared by entity but not connected by instance. Logic that only feeds a dangling port will be removed.                                     ;
; CH4       ; Output ; Warning  ; Declared by entity but not connected by instance. Logic that only feeds a dangling port will be removed.                                     ;
; CH5       ; Output ; Warning  ; Declared by entity but not connected by instance. Logic that only feeds a dangling port will be removed.                                     ;
; CH6       ; Output ; Warning  ; Declared by entity but not connected by instance. Logic that only feeds a dangling port will be removed.                                     ;
; CH7       ; Output ; Warning  ; Declared by entity but not connected by instance. Logic that only feeds a dangling port will be removed.                                     ;
; RESET     ; Input  ; Warning  ; Declared by entity but not connected by instance. If a default value exists, it will be used.  Otherwise, the port will be connected to GND. ;
+-----------+--------+----------+----------------------------------------------------------------------------------------------------------------------------------------------+


+-----------------------------------------------------+
; Post-Synthesis Netlist Statistics for Top Partition ;
+-----------------------+-----------------------------+
; Type                  ; Count                       ;
+-----------------------+-----------------------------+
; arriav_ff             ; 119                         ;
;     ENA               ; 69                          ;
;     ENA SCLR SLD      ; 7                           ;
;     SCLR              ; 8                           ;
;     SLD               ; 21                          ;
;     plain             ; 14                          ;
; arriav_lcell_comb     ; 122                         ;
;     arith             ; 37                          ;
;         0 data inputs ; 1                           ;
;         1 data inputs ; 36                          ;
;     extend            ; 3                           ;
;         7 data inputs ; 3                           ;
;     normal            ; 82                          ;
;         0 data inputs ; 1                           ;
;         1 data inputs ; 3                           ;
;         2 data inputs ; 16                          ;
;         3 data inputs ; 20                          ;
;         4 data inputs ; 5                           ;
;         5 data inputs ; 16                          ;
;         6 data inputs ; 21                          ;
; boundary_port         ; 23                          ;
;                       ;                             ;
; Max LUT depth         ; 3.00                        ;
; Average LUT depth     ; 1.72                        ;
+-----------------------+-----------------------------+


+-------------------------------+
; Elapsed Time Per Partition    ;
+----------------+--------------+
; Partition Name ; Elapsed Time ;
+----------------+--------------+
; Top            ; 00:00:00     ;
+----------------+--------------+


+-------------------------------+
; Analysis & Synthesis Messages ;
+-------------------------------+
Info: *******************************************************************
Info: Running Quartus Prime Analysis & Synthesis
    Info: Version 20.1.1 Build 720 11/11/2020 SJ Lite Edition
    Info: Processing started: Wed Sep 29 14:06:33 2021
Info: Command: quartus_map --read_settings_files=on --write_settings_files=off final -c final
Warning (18236): Number of processors has not been specified which may cause overloading on shared machines.  Set the global assignment NUM_PARALLEL_PROCESSORS in your QSF to an appropriate value for best performance.
Info (20030): Parallel compilation is enabled and will use 8 of the 8 processors detected
Info (12021): Found 1 design units, including 1 entities, in source file adc_control/synthesis/adc_control.v
    Info (12023): Found entity 1: adc_control File: C:/Users/zacbr/OneDrive/Documents/University/Y3/T2/Advanced Embedded Systems/SIT329-Project/Module Three/Final/adc_control/synthesis/adc_control.v Line: 6
Info (12021): Found 1 design units, including 1 entities, in source file adc_control/synthesis/submodules/altera_up_avalon_adv_adc.v
    Info (12023): Found entity 1: altera_up_avalon_adv_adc File: C:/Users/zacbr/OneDrive/Documents/University/Y3/T2/Advanced Embedded Systems/SIT329-Project/Module Three/Final/adc_control/synthesis/submodules/altera_up_avalon_adv_adc.v Line: 23
Info (12021): Found 1 design units, including 1 entities, in source file adc_control/synthesis/submodules/adc_control_adc_mega_0.v
    Info (12023): Found entity 1: adc_control_adc_mega_0 File: C:/Users/zacbr/OneDrive/Documents/University/Y3/T2/Advanced Embedded Systems/SIT329-Project/Module Three/Final/adc_control/synthesis/submodules/adc_control_adc_mega_0.v Line: 22
Info (12021): Found 1 design units, including 1 entities, in source file multiple_buttons.v
    Info (12023): Found entity 1: multiple_buttons File: C:/Users/zacbr/OneDrive/Documents/University/Y3/T2/Advanced Embedded Systems/SIT329-Project/Module Three/Final/multiple_buttons.v Line: 1
Info (12021): Found 1 design units, including 1 entities, in source file ledpwm.v
    Info (12023): Found entity 1: ledPWM File: C:/Users/zacbr/OneDrive/Documents/University/Y3/T2/Advanced Embedded Systems/SIT329-Project/Module Three/Final/ledPWM.v Line: 1
Info (12021): Found 1 design units, including 1 entities, in source file adc_demo_mega.v
    Info (12023): Found entity 1: adc_demo_mega File: C:/Users/zacbr/OneDrive/Documents/University/Y3/T2/Advanced Embedded Systems/SIT329-Project/Module Three/Final/adc_demo_mega.v Line: 1
Info (12021): Found 1 design units, including 1 entities, in source file final.v
    Info (12023): Found entity 1: final_module File: C:/Users/zacbr/OneDrive/Documents/University/Y3/T2/Advanced Embedded Systems/SIT329-Project/Module Three/Final/final.v Line: 1
Info (12127): Elaborating entity "final_module" for the top level hierarchy
Warning (10858): Verilog HDL warning at final.v(36): object button_buzzer used but never assigned File: C:/Users/zacbr/OneDrive/Documents/University/Y3/T2/Advanced Embedded Systems/SIT329-Project/Module Three/Final/final.v Line: 36
Warning (10030): Net "button_buzzer" at final.v(36) has no driver or initial value, using a default initial value '0' File: C:/Users/zacbr/OneDrive/Documents/University/Y3/T2/Advanced Embedded Systems/SIT329-Project/Module Three/Final/final.v Line: 36
Info (12128): Elaborating entity "multiple_buttons" for hierarchy "multiple_buttons:position" File: C:/Users/zacbr/OneDrive/Documents/University/Y3/T2/Advanced Embedded Systems/SIT329-Project/Module Three/Final/final.v Line: 53
Warning (10036): Verilog HDL or VHDL warning at multiple_buttons.v(14): object "cnt" assigned a value but never read File: C:/Users/zacbr/OneDrive/Documents/University/Y3/T2/Advanced Embedded Systems/SIT329-Project/Module Three/Final/multiple_buttons.v Line: 14
Info (12128): Elaborating entity "adc_demo_mega" for hierarchy "adc_demo_mega:angle_moisture" File: C:/Users/zacbr/OneDrive/Documents/University/Y3/T2/Advanced Embedded Systems/SIT329-Project/Module Three/Final/final.v Line: 64
Warning (10230): Verilog HDL assignment warning at adc_demo_mega.v(49): truncated value with size 32 to match size of target (8) File: C:/Users/zacbr/OneDrive/Documents/University/Y3/T2/Advanced Embedded Systems/SIT329-Project/Module Three/Final/adc_demo_mega.v Line: 49
Warning (10230): Verilog HDL assignment warning at adc_demo_mega.v(52): truncated value with size 32 to match size of target (8) File: C:/Users/zacbr/OneDrive/Documents/University/Y3/T2/Advanced Embedded Systems/SIT329-Project/Module Three/Final/adc_demo_mega.v Line: 52
Info (12128): Elaborating entity "ledPWM" for hierarchy "adc_demo_mega:angle_moisture|ledPWM:PWMLED" File: C:/Users/zacbr/OneDrive/Documents/University/Y3/T2/Advanced Embedded Systems/SIT329-Project/Module Three/Final/adc_demo_mega.v Line: 73
Warning (10230): Verilog HDL assignment warning at ledPWM.v(10): truncated value with size 32 to match size of target (8) File: C:/Users/zacbr/OneDrive/Documents/University/Y3/T2/Advanced Embedded Systems/SIT329-Project/Module Three/Final/ledPWM.v Line: 10
Warning (10230): Verilog HDL assignment warning at ledPWM.v(14): truncated value with size 32 to match size of target (1) File: C:/Users/zacbr/OneDrive/Documents/University/Y3/T2/Advanced Embedded Systems/SIT329-Project/Module Three/Final/ledPWM.v Line: 14
Info (12128): Elaborating entity "adc_control" for hierarchy "adc_demo_mega:angle_moisture|adc_control:ADC" File: C:/Users/zacbr/OneDrive/Documents/University/Y3/T2/Advanced Embedded Systems/SIT329-Project/Module Three/Final/adc_demo_mega.v Line: 84
Info (12128): Elaborating entity "adc_control_adc_mega_0" for hierarchy "adc_demo_mega:angle_moisture|adc_control:ADC|adc_control_adc_mega_0:adc_mega_0" File: C:/Users/zacbr/OneDrive/Documents/University/Y3/T2/Advanced Embedded Systems/SIT329-Project/Module Three/Final/adc_control/synthesis/adc_control.v Line: 45
Info (12128): Elaborating entity "altera_up_avalon_adv_adc" for hierarchy "adc_demo_mega:angle_moisture|adc_control:ADC|adc_control_adc_mega_0:adc_mega_0|altera_up_avalon_adv_adc:ADC_CTRL" File: C:/Users/zacbr/OneDrive/Documents/University/Y3/T2/Advanced Embedded Systems/SIT329-Project/Module Three/Final/adc_control/synthesis/submodules/adc_control_adc_mega_0.v Line: 58
Warning (12241): 1 hierarchies have connectivity warnings - see the Connectivity Checks report folder
Warning (13024): Output pins are stuck at VCC or GND
    Warning (13410): Pin "buzzer" is stuck at GND File: C:/Users/zacbr/OneDrive/Documents/University/Y3/T2/Advanced Embedded Systems/SIT329-Project/Module Three/Final/final.v Line: 20
Info (286030): Timing-Driven Synthesis is running
Info (17049): 3 registers lost all their fanouts during netlist optimizations.
Info (16010): Generating hard_block partition "hard_block:auto_generated_inst"
    Info (16011): Adding 0 node(s), including 0 DDIO, 0 PLL, 0 transceiver and 0 LCELL
Info (21057): Implemented 194 device resources after synthesis - the final resource count might be different
    Info (21058): Implemented 10 input pins
    Info (21059): Implemented 13 output pins
    Info (21061): Implemented 171 logic cells
Info: Quartus Prime Analysis & Synthesis was successful. 0 errors, 11 warnings
    Info: Peak virtual memory: 4860 megabytes
    Info: Processing ended: Wed Sep 29 14:06:41 2021
    Info: Elapsed time: 00:00:08
    Info: Total CPU time (on all processors): 00:00:17


