Flow report for final
Wed Sep 29 13:33:19 2021
Quartus Prime Version 20.1.1 Build 720 11/11/2020 SJ Lite Edition


---------------------
; Table of Contents ;
---------------------
  1. Legal Notice
  2. Flow Summary
  3. Flow Settings
  4. Flow Non-Default Global Settings
  5. Flow Elapsed Time
  6. Flow OS Summary
  7. Flow Log
  8. Flow Messages
  9. Flow Suppressed Messages



----------------
; Legal Notice ;
----------------
Copyright (C) 2020  Intel Corporation. All rights reserved.
Your use of Intel Corporation's design tools, logic functions 
and other software and tools, and any partner logic 
functions, and any output files from any of the foregoing 
(including device programming or simulation files), and any 
associated documentation or information are expressly subject 
to the terms and conditions of the Intel Program License 
Subscription Agreement, the Intel Quartus Prime License Agreement,
the Intel FPGA IP License Agreement, or other applicable license
agreement, including, without limitation, that your use is for
the sole purpose of programming logic devices manufactured by
Intel and sold by Intel or its authorized distributors.  Please
refer to the applicable agreement for further details, at
https://fpgasoftware.intel.com/eula.



+-------------------------------------------------------------------------------+
; Flow Summary                                                                  ;
+---------------------------------+---------------------------------------------+
; Flow Status                     ; Successful - Wed Sep 29 13:33:13 2021       ;
; Quartus Prime Version           ; 20.1.1 Build 720 11/11/2020 SJ Lite Edition ;
; Revision Name                   ; final                                       ;
; Top-level Entity Name           ; final_module                                ;
; Family                          ; Cyclone V                                   ;
; Device                          ; 5CSEBA6U23I7                                ;
; Timing Models                   ; Final                                       ;
; Logic utilization (in ALMs)     ; 69 / 41,910 ( < 1 % )                       ;
; Total registers                 ; 129                                         ;
; Total pins                      ; 23 / 314 ( 7 % )                            ;
; Total virtual pins              ; 0                                           ;
; Total block memory bits         ; 0 / 5,662,720 ( 0 % )                       ;
; Total DSP Blocks                ; 0 / 112 ( 0 % )                             ;
; Total HSSI RX PCSs              ; 0                                           ;
; Total HSSI PMA RX Deserializers ; 0                                           ;
; Total HSSI TX PCSs              ; 0                                           ;
; Total HSSI PMA TX Serializers   ; 0                                           ;
; Total PLLs                      ; 0 / 6 ( 0 % )                               ;
; Total DLLs                      ; 0 / 4 ( 0 % )                               ;
+---------------------------------+---------------------------------------------+


+-----------------------------------------+
; Flow Settings                           ;
+-------------------+---------------------+
; Option            ; Setting             ;
+-------------------+---------------------+
; Start date & time ; 09/29/2021 13:32:29 ;
; Main task         ; Compilation         ;
; Revision Name     ; final               ;
+-------------------+---------------------+


+-------------------------------------------------------------------------------------------------------------------------------------------------+
; Flow Non-Default Global Settings                                                                                                                ;
+-------------------------------------+---------------------------------------------------------------+---------------+--------------+------------+
; Assignment Name                     ; Value                                                         ; Default Value ; Entity Name  ; Section Id ;
+-------------------------------------+---------------------------------------------------------------+---------------+--------------+------------+
; COMPILER_SIGNATURE_ID               ; 211267920523651.163288634915892                               ; --            ; --           ; --         ;
; MAX_CORE_JUNCTION_TEMP              ; 100                                                           ; --            ; --           ; --         ;
; MIN_CORE_JUNCTION_TEMP              ; -40                                                           ; --            ; --           ; --         ;
; MISC_FILE                           ; adc_control/synthesis/../adc_control.cmp                      ; --            ; --           ; --         ;
; MISC_FILE                           ; adc_control/synthesis/../../adc_control.qsys                  ; --            ; --           ; --         ;
; PARTITION_COLOR                     ; -- (Not supported for targeted family)                        ; --            ; final_module ; Top        ;
; PARTITION_FITTER_PRESERVATION_LEVEL ; -- (Not supported for targeted family)                        ; --            ; final_module ; Top        ;
; PARTITION_NETLIST_TYPE              ; -- (Not supported for targeted family)                        ; --            ; final_module ; Top        ;
; POWER_BOARD_THERMAL_MODEL           ; None (CONSERVATIVE)                                           ; --            ; --           ; --         ;
; POWER_PRESET_COOLING_SOLUTION       ; 23 MM HEAT SINK WITH 200 LFPM AIRFLOW                         ; --            ; --           ; --         ;
; PROJECT_OUTPUT_DIRECTORY            ; output_files                                                  ; --            ; --           ; --         ;
; SLD_FILE                            ; adc_control/synthesis/adc_control.debuginfo                   ; --            ; --           ; --         ;
; SLD_INFO                            ; QSYS_NAME adc_control HAS_SOPCINFO 1 GENERATION_ID 1631245077 ; --            ; adc_control  ; --         ;
; SOPCINFO_FILE                       ; adc_control/synthesis/../../adc_control.sopcinfo              ; --            ; --           ; --         ;
; SYNTHESIS_ONLY_QIP                  ; On                                                            ; --            ; --           ; --         ;
; TOP_LEVEL_ENTITY                    ; final_module                                                  ; final         ; --           ; --         ;
+-------------------------------------+---------------------------------------------------------------+---------------+--------------+------------+


+--------------------------------------------------------------------------------------------------------------------------+
; Flow Elapsed Time                                                                                                        ;
+----------------------+--------------+-------------------------+---------------------+------------------------------------+
; Module Name          ; Elapsed Time ; Average Processors Used ; Peak Virtual Memory ; Total CPU Time (on all processors) ;
+----------------------+--------------+-------------------------+---------------------+------------------------------------+
; Analysis & Synthesis ; 00:00:08     ; 1.0                     ; 4861 MB             ; 00:00:17                           ;
; Fitter               ; 00:00:29     ; 1.0                     ; 6892 MB             ; 00:01:31                           ;
; Assembler            ; 00:00:05     ; 1.0                     ; 4841 MB             ; 00:00:05                           ;
; Timing Analyzer      ; 00:00:05     ; 1.1                     ; 5216 MB             ; 00:00:05                           ;
; Total                ; 00:00:47     ; --                      ; --                  ; 00:01:58                           ;
+----------------------+--------------+-------------------------+---------------------+------------------------------------+


+------------------------------------------------------------------------------------+
; Flow OS Summary                                                                    ;
+----------------------+------------------+------------+------------+----------------+
; Module Name          ; Machine Hostname ; OS Name    ; OS Version ; Processor type ;
+----------------------+------------------+------------+------------+----------------+
; Analysis & Synthesis ; DESKTOP-S5I4E16  ; Windows 10 ; 10.0       ; x86_64         ;
; Fitter               ; DESKTOP-S5I4E16  ; Windows 10 ; 10.0       ; x86_64         ;
; Assembler            ; DESKTOP-S5I4E16  ; Windows 10 ; 10.0       ; x86_64         ;
; Timing Analyzer      ; DESKTOP-S5I4E16  ; Windows 10 ; 10.0       ; x86_64         ;
+----------------------+------------------+------------+------------+----------------+


------------
; Flow Log ;
------------
quartus_map --read_settings_files=on --write_settings_files=off final -c final
quartus_fit --read_settings_files=off --write_settings_files=off final -c final
quartus_asm --read_settings_files=off --write_settings_files=off final -c final
quartus_sta final -c final



